TN:
SF:/Users/home/alchemy/career/authentication/lib/app.js
FNF:0
FNH:0
DA:1,1
DA:2,1
DA:4,1
DA:5,1
DA:7,1
DA:8,1
DA:9,1
DA:11,1
LF:8
LH:8
BRF:0
BRH:0
end_of_record
TN:
SF:/Users/home/alchemy/career/authentication/lib/middleware/ensure-auth.js
FN:3,(anonymous_0)
FN:9,(anonymous_1)
FNF:2
FNH:2
FNDA:1,(anonymous_0)
FNDA:1,(anonymous_1)
DA:1,1
DA:3,1
DA:5,1
DA:7,1
DA:10,1
DA:11,1
LF:6
LH:6
BRF:0
BRH:0
end_of_record
TN:
SF:/Users/home/alchemy/career/authentication/lib/middleware/error.js
FN:4,(anonymous_0)
FNF:1
FNH:1
FNDA:2,(anonymous_0)
DA:1,1
DA:4,1
DA:5,2
DA:7,2
DA:9,0
DA:12,2
DA:14,2
DA:16,2
LF:8
LH:7
BRDA:5,0,0,2
BRDA:5,0,1,0
BRDA:7,1,0,0
BRDA:7,1,1,2
BRDA:7,2,0,2
BRDA:7,2,1,2
BRF:6
BRH:4
end_of_record
TN:
SF:/Users/home/alchemy/career/authentication/lib/middleware/not-found.js
FN:1,(anonymous_0)
FNF:1
FNH:0
FNDA:0,(anonymous_0)
DA:1,1
DA:2,0
DA:3,0
DA:4,0
LF:4
LH:1
BRF:0
BRH:0
end_of_record
TN:
SF:/Users/home/alchemy/career/authentication/lib/models/User.js
FN:18,(anonymous_0)
FN:24,(anonymous_1)
FN:28,(anonymous_2)
FN:42,(anonymous_3)
FN:58,(anonymous_4)
FNF:5
FNH:5
FNDA:7,(anonymous_0)
FNDA:5,(anonymous_1)
FNDA:1,(anonymous_2)
FNDA:4,(anonymous_3)
FNDA:3,(anonymous_4)
DA:1,1
DA:2,1
DA:3,1
DA:5,1
DA:19,7
DA:24,1
DA:25,5
DA:28,1
DA:29,1
DA:30,1
DA:31,1
DA:38,0
DA:42,1
DA:43,4
DA:44,4
DA:45,1
DA:46,1
DA:47,1
DA:49,3
DA:50,3
DA:51,1
DA:52,1
DA:53,1
DA:55,2
DA:58,1
DA:59,3
DA:65,1
LF:27
LH:26
BRDA:30,0,0,1
BRDA:30,0,1,0
BRDA:44,1,0,1
BRDA:44,1,1,3
BRDA:50,2,0,1
BRDA:50,2,1,2
BRDA:59,3,0,3
BRDA:59,3,1,0
BRF:8
BRH:6
end_of_record
TN:
SF:/Users/home/alchemy/career/authentication/lib/routes/auth.js
FN:5,(anonymous_0)
FN:12,(anonymous_1)
FN:15,(anonymous_2)
FN:21,(anonymous_3)
FN:24,(anonymous_4)
FN:32,(anonymous_5)
FNF:6
FNH:6
FNDA:3,(anonymous_0)
FNDA:1,(anonymous_1)
FNDA:1,(anonymous_2)
FNDA:4,(anonymous_3)
FNDA:2,(anonymous_4)
FNDA:1,(anonymous_5)
DA:1,1
DA:2,1
DA:3,1
DA:5,1
DA:6,3
DA:11,1
DA:13,1
DA:16,1
DA:17,1
DA:22,4
DA:25,2
DA:26,2
DA:33,1
LF:13
LH:13
BRF:0
BRH:0
end_of_record
TN:
SF:/Users/home/alchemy/career/authentication/lib/utils/connect.js
FN:4,(anonymous_0)
FN:12,(anonymous_1)
FN:18,(anonymous_2)
FN:22,(anonymous_3)
FNF:4
FNH:3
FNDA:1,(anonymous_0)
FNDA:1,(anonymous_1)
FNDA:1,(anonymous_2)
FNDA:0,(anonymous_3)
DA:1,1
DA:2,1
DA:4,1
DA:5,1
DA:12,1
DA:13,1
DA:14,1
DA:15,1
DA:18,1
DA:19,1
DA:22,1
DA:23,0
LF:12
LH:11
BRDA:4,0,0,1
BRF:1
BRH:1
end_of_record
